2023-Mar-22 07:37:23 Наличие необходимых модулей php (check_php_modules): Ok
Все необходимые модули установлены
2023-Mar-22 07:37:23 Обязательные параметры PHP (check_php_settings): Ok
Настройки правильные
2023-Mar-22 07:37:23 Модули веб-сервера (check_security): Ok
Конфликтов не выявлено
2023-Mar-22 07:37:23 Значения переменных сервера (check_server_vars): Ok
Корректные
2023-Mar-22 07:37:24 Сохранение сессии (check_session): Ok
50% done
2023-Mar-22 07:37:24 Сохранение сессии (check_session): Ok
Успешно
2023-Mar-22 07:37:24 Параметры настройки UTF (mbstring и константа BX_UTF) (check_mbstring): Ok
Правильные. Сайт работает в UTF кодировке
2023-Mar-22 07:37:24 Служебные скрипты в корне сайта (check_install_scripts): Ok
Отсутствуют
2023-Mar-22 07:37:24 Работа с сокетами (check_socket): Ok
Connection to bitrix.test:80	Success

Успешно
2023-Mar-22 07:37:24 Выполнение агентов на cron (check_bx_crontab): Ok
Успешно
2023-Mar-22 07:37:24 Параметры подключения к базе данных (check_dbconn_settings): Ok
Успешно
2023-Mar-22 07:37:25 Лишний вывод в файлах конфигурации (check_dbconn): Ok
Connection to bitrix.test:80	Success

Успешно
2023-Mar-22 07:37:25 Сохранение сессии без UserAgent (check_session_ua): Ok
50% done
Connection to bitrix.test:80	Success

2023-Mar-22 07:37:25 Сохранение сессии без UserAgent (check_session_ua): Ok
Connection to bitrix.test:80	Success

Успешно
2023-Mar-22 07:37:25 Настройки сайтов (check_sites): Ok
Правильные
2023-Mar-22 07:37:25 Передача объектов по ссылке (check_clone): Ok
Успешно
2023-Mar-22 07:37:25 Размер стека и pcre.recursion_limit (check_pcre_recursion): Ok
Connection to bitrix.test:80	Success

Успешно
2023-Mar-22 07:37:26 Загрузка файла (check_upload): Ok
Connection to bitrix.test:80	Success

Успешно
2023-Mar-22 07:37:26 Загрузка файла больше 4Мб (check_upload_big): Ok
Connection to bitrix.test:80	Success

Успешно
2023-Mar-22 07:37:26 Загрузка файла через php://input (check_upload_raw): Ok
Connection to bitrix.test:80	Success

Успешно
2023-Mar-22 07:37:26 Передача POST запроса с большим числом параметров (check_post): Ok
Connection to bitrix.test:80	Success

Успешно
2023-Mar-22 07:37:26 Отправка почты (check_mail): Ok
Успешно
2023-Mar-22 07:37:27 Отправка почтового сообщения больше 64Кб (check_mail_big): Ok
Успешно
2023-Mar-22 07:37:27 Проверка на наличие неотправленных сообщений (check_mail_b_event): Fail
Ошибка! Есть ошибки при отправке системных почтовых сообщений, число неотправленных сообщений: 1 Определена константа BX_CRONTAB_SUPPORT в /bitrix/php_interface/dbconn.php, при этом должен быть настроен вызов агентов на cron.
2023-Mar-22 07:37:27 Внутреннее перенаправление (функция LocalRedirect) (check_localredirect): Ok
50% done
Connection to bitrix.test:80	Success

2023-Mar-22 07:37:27 Внутреннее перенаправление (функция LocalRedirect) (check_localredirect): Ok
Connection to bitrix.test:80	Success

Успешно
2023-Mar-22 07:37:27 Фактическое ограничение памяти (check_memory_limit): Ok
20% done
Connection to bitrix.test:80	Success

2023-Mar-22 07:37:27 Фактическое ограничение памяти (check_memory_limit): Ok
40% done
Connection to bitrix.test:80	Success

2023-Mar-22 07:37:27 Фактическое ограничение памяти (check_memory_limit): Ok
60% done
Connection to bitrix.test:80	Success

2023-Mar-22 07:37:28 Фактическое ограничение памяти (check_memory_limit): Ok
80% done
Connection to bitrix.test:80	Success

2023-Mar-22 07:37:28 Фактическое ограничение памяти (check_memory_limit): Ok
Connection to bitrix.test:80	Success

Не менее 256 М
2023-Mar-22 07:37:28 Работа с файлами кеша (check_cache): Ok
Успешно
2023-Mar-22 07:37:28 Доступ к серверу обновлений (check_update): Ok
Успешно
2023-Mar-22 07:37:28 HTTP авторизация (check_http_auth): Ok
Connection to bitrix.test:80	Success

Успешно
2023-Mar-22 07:37:29 Создание и запуск файла (check_exec): Ok
Connection to bitrix.test:80	Success

Успешно
2023-Mar-22 07:37:29 Функция getimagesize для swf (check_getimagesize): Ok
Успешно
2023-Mar-22 07:37:29 Версия MySQL-сервера (check_mysql_bug_version): Ok
Успешно
2023-Mar-22 07:37:30 Время на БД и веб-сервере (check_mysql_time): Ok
Успешно
2023-Mar-22 07:37:30 Режим работы MySQL (check_mysql_mode): Ok
Успешно
2023-Mar-22 07:37:30 Кодировка соединения (check_mysql_connection_charset): Ok
character_set_connection=utf8, collation_connection=utf8_unicode_ci, character_set_results=utf8
Успешно
2023-Mar-22 07:37:30 Кодировка базы данных (check_mysql_db_charset): Ok
CHARSET=utf8, COLLATION=utf8_unicode_ci
Успешно
2023-Mar-22 07:37:34 Кодировки таблиц в БД (check_mysql_table_charset): Ok
Успешно
2023-Mar-22 07:37:34 Структура базы данных (check_mysql_table_structure): Ok
0% done
2023-Mar-22 07:37:35 Структура базы данных (check_mysql_table_structure): Ok
2% done
2023-Mar-22 07:37:35 Структура базы данных (check_mysql_table_structure): Ok
4% done
2023-Mar-22 07:37:36 Структура базы данных (check_mysql_table_structure): Ok
6% done
2023-Mar-22 07:37:37 Структура базы данных (check_mysql_table_structure): Ok
8% done
2023-Mar-22 07:37:37 Структура базы данных (check_mysql_table_structure): Ok
10% done
2023-Mar-22 07:37:38 Структура базы данных (check_mysql_table_structure): Ok
12% done
2023-Mar-22 07:37:39 Структура базы данных (check_mysql_table_structure): Ok
14% done
2023-Mar-22 07:37:42 Структура базы данных (check_mysql_table_structure): Ok
16% done
2023-Mar-22 07:37:43 Структура базы данных (check_mysql_table_structure): Ok
18% done
2023-Mar-22 07:37:44 Структура базы данных (check_mysql_table_structure): Ok
20% done
2023-Mar-22 07:37:44 Структура базы данных (check_mysql_table_structure): Ok
22% done
2023-Mar-22 07:37:45 Структура базы данных (check_mysql_table_structure): Ok
24% done
2023-Mar-22 07:37:46 Структура базы данных (check_mysql_table_structure): Ok
26% done
2023-Mar-22 07:37:48 Структура базы данных (check_mysql_table_structure): Ok
28% done
2023-Mar-22 07:37:48 Структура базы данных (check_mysql_table_structure): Ok
30% done
2023-Mar-22 07:37:50 Структура базы данных (check_mysql_table_structure): Ok
32% done
2023-Mar-22 07:37:50 Структура базы данных (check_mysql_table_structure): Ok
34% done
2023-Mar-22 07:37:53 Структура базы данных (check_mysql_table_structure): Ok
36% done
2023-Mar-22 07:37:56 Структура базы данных (check_mysql_table_structure): Ok
38% done
2023-Mar-22 07:37:57 Структура базы данных (check_mysql_table_structure): Ok
40% done
2023-Mar-22 07:37:57 Структура базы данных (check_mysql_table_structure): Ok
42% done
2023-Mar-22 07:37:59 Структура базы данных (check_mysql_table_structure): Ok
44% done
2023-Mar-22 07:38:06 Структура базы данных (check_mysql_table_structure): Ok
46% done
2023-Mar-22 07:38:06 Структура базы данных (check_mysql_table_structure): Ok
48% done
2023-Mar-22 07:38:06 Структура базы данных (check_mysql_table_structure): Ok
51% done
2023-Mar-22 07:38:07 Структура базы данных (check_mysql_table_structure): Ok
53% done
2023-Mar-22 07:38:07 Структура базы данных (check_mysql_table_structure): Ok
55% done
2023-Mar-22 07:38:08 Структура базы данных (check_mysql_table_structure): Ok
57% done
2023-Mar-22 07:38:08 Структура базы данных (check_mysql_table_structure): Ok
59% done
2023-Mar-22 07:38:10 Структура базы данных (check_mysql_table_structure): Ok
61% done
2023-Mar-22 07:38:18 Структура базы данных (check_mysql_table_structure): Ok
63% done
2023-Mar-22 07:38:18 Структура базы данных (check_mysql_table_structure): Ok
65% done
2023-Mar-22 07:38:20 Структура базы данных (check_mysql_table_structure): Ok
67% done
2023-Mar-22 07:38:24 Структура базы данных (check_mysql_table_structure): Ok
69% done
2023-Mar-22 07:38:33 Структура базы данных (check_mysql_table_structure): Ok
71% done
2023-Mar-22 07:38:36 Структура базы данных (check_mysql_table_structure): Ok
73% done
2023-Mar-22 07:38:39 Структура базы данных (check_mysql_table_structure): Ok
75% done
2023-Mar-22 07:38:40 Структура базы данных (check_mysql_table_structure): Ok
77% done
2023-Mar-22 07:38:42 Структура базы данных (check_mysql_table_structure): Ok
79% done
2023-Mar-22 07:38:42 Структура базы данных (check_mysql_table_structure): Ok
81% done
2023-Mar-22 07:38:43 Структура базы данных (check_mysql_table_structure): Ok
83% done
2023-Mar-22 07:38:44 Структура базы данных (check_mysql_table_structure): Ok
85% done
2023-Mar-22 07:38:45 Структура базы данных (check_mysql_table_structure): Ok
87% done
2023-Mar-22 07:38:45 Структура базы данных (check_mysql_table_structure): Ok
89% done
2023-Mar-22 07:38:47 Структура базы данных (check_mysql_table_structure): Ok
91% done
2023-Mar-22 07:38:47 Структура базы данных (check_mysql_table_structure): Ok
93% done
2023-Mar-22 07:38:47 Структура базы данных (check_mysql_table_structure): Ok
95% done
2023-Mar-22 07:38:48 Структура базы данных (check_mysql_table_structure): Ok
97% done
2023-Mar-22 07:38:48 Структура базы данных (check_mysql_table_structure): Ok
Успешно
